# JRE version: OpenJDK Runtime Environment Temurin-11.0.19+7 (11.0.19+7) (build 11.0.19+7)
# Java VM: OpenJDK 64-Bit Server VM Temurin-11.0.19+7 (11.0.19+7, mixed mode, tiered, compressed oops, g1 gc, windows-amd64)
Heap:
 garbage-first heap   total 129024K, used 45861K [0x0000000080000000, 0x0000000100000000)
  region size 1024K, 7 young (7168K), 6 survivors (6144K)
 Metaspace       used 65709K, capacity 67752K, committed 67796K, reserved 575488K
  class space    used 8614K, capacity 9433K, committed 9472K, reserved 516096K
GC Heap History (20 events):
Event: 5.897 GC heap before
{Heap before GC invocations=4 (full 0):
 garbage-first heap   total 129024K, used 68517K [0x0000000080000000, 0x0000000100000000)
  region size 1024K, 51 young (52224K), 1 survivors (1024K)
 Metaspace       used 25987K, capacity 26511K, committed 26544K, reserved 540672K
  class space    used 3337K, capacity 3553K, committed 3584K, reserved 516096K
}
Event: 5.900 GC heap after
{Heap after GC invocations=5 (full 0):
 garbage-first heap   total 129024K, used 19102K [0x0000000080000000, 0x0000000100000000)
  region size 1024K, 3 young (3072K), 3 survivors (3072K)
 Metaspace       used 25987K, capacity 26511K, committed 26544K, reserved 540672K
  class space    used 3337K, capacity 3553K, committed 3584K, reserved 516096K
}
Event: 6.695 GC heap before
{Heap before GC invocations=5 (full 0):
 garbage-first heap   total 129024K, used 74398K [0x0000000080000000, 0x0000000100000000)
  region size 1024K, 57 young (58368K), 3 survivors (3072K)
 Metaspace       used 30954K, capacity 31723K, committed 31792K, reserved 544768K
  class space    used 4103K, capacity 4424K, committed 4480K, reserved 516096K
}
Event: 6.698 GC heap after
{Heap after GC invocations=6 (full 0):
 garbage-first heap   total 129024K, used 20683K [0x0000000080000000, 0x0000000100000000)
  region size 1024K, 5 young (5120K), 5 survivors (5120K)
 Metaspace       used 30954K, capacity 31723K, committed 31792K, reserved 544768K
  class space    used 4103K, capacity 4424K, committed 4480K, reserved 516096K
}
Event: 6.980 GC heap before
{Heap before GC invocations=6 (full 0):
 garbage-first heap   total 129024K, used 31947K [0x0000000080000000, 0x0000000100000000)
  region size 1024K, 17 young (17408K), 5 survivors (5120K)
 Metaspace       used 35023K, capacity 35791K, committed 35920K, reserved 548864K
  class space    used 4477K, capacity 4822K, committed 4864K, reserved 516096K
}
Event: 6.988 GC heap after
{Heap after GC invocations=7 (full 0):
 garbage-first heap   total 129024K, used 22555K [0x0000000080000000, 0x0000000100000000)
  region size 1024K, 6 young (6144K), 6 survivors (6144K)
 Metaspace       used 35023K, capacity 35791K, committed 35920K, reserved 548864K
  class space    used 4477K, capacity 4822K, committed 4864K, reserved 516096K
}
Event: 7.768 GC heap before
{Heap before GC invocations=8 (full 0):
 garbage-first heap   total 129024K, used 83995K [0x0000000080000000, 0x0000000100000000)
  region size 1024K, 64 young (65536K), 6 survivors (6144K)
 Metaspace       used 40038K, capacity 41078K, committed 41424K, reserved 552960K
  class space    used 5027K, capacity 5407K, committed 5504K, reserved 516096K
}
Event: 7.775 GC heap after
{Heap after GC invocations=9 (full 0):
 garbage-first heap   total 129024K, used 26854K [0x0000000080000000, 0x0000000100000000)
  region size 1024K, 8 young (8192K), 8 survivors (8192K)
 Metaspace       used 40038K, capacity 41078K, committed 41424K, reserved 552960K
  class space    used 5027K, capacity 5407K, committed 5504K, reserved 516096K
}
Event: 11.735 GC heap before
{Heap before GC invocations=9 (full 0):
 garbage-first heap   total 129024K, used 86246K [0x0000000080000000, 0x0000000100000000)
  region size 1024K, 66 young (67584K), 8 survivors (8192K)
 Metaspace       used 44068K, capacity 45307K, committed 45648K, reserved 557056K
  class space    used 5544K, capacity 6041K, committed 6144K, reserved 516096K
}
Event: 11.742 GC heap after
{Heap after GC invocations=10 (full 0):
 garbage-first heap   total 129024K, used 29859K [0x0000000080000000, 0x0000000100000000)
  region size 1024K, 8 young (8192K), 8 survivors (8192K)
 Metaspace       used 44068K, capacity 45307K, committed 45648K, reserved 557056K
  class space    used 5544K, capacity 6041K, committed 6144K, reserved 516096K
}
Event: 12.307 GC heap before
{Heap before GC invocations=10 (full 0):
 garbage-first heap   total 129024K, used 90275K [0x0000000080000000, 0x0000000100000000)
  region size 1024K, 67 young (68608K), 8 survivors (8192K)
 Metaspace       used 48640K, capacity 49955K, committed 50128K, reserved 561152K
  class space    used 6249K, capacity 6778K, committed 6784K, reserved 516096K
}
Event: 12.313 GC heap after
{Heap after GC invocations=11 (full 0):
 garbage-first heap   total 129024K, used 31583K [0x0000000080000000, 0x0000000100000000)
  region size 1024K, 5 young (5120K), 5 survivors (5120K)
 Metaspace       used 48640K, capacity 49955K, committed 50128K, reserved 561152K
  class space    used 6249K, capacity 6778K, committed 6784K, reserved 516096K
}
Event: 13.029 GC heap before
{Heap before GC invocations=11 (full 0):
 garbage-first heap   total 129024K, used 98143K [0x0000000080000000, 0x0000000100000000)
  region size 1024K, 66 young (67584K), 5 survivors (5120K)
 Metaspace       used 54022K, capacity 55531K, committed 55632K, reserved 565248K
  class space    used 6968K, capacity 7611K, committed 7680K, reserved 516096K
}
Event: 13.033 GC heap after
{Heap after GC invocations=12 (full 0):
 garbage-first heap   total 129024K, used 39914K [0x0000000080000000, 0x0000000100000000)
  region size 1024K, 6 young (6144K), 6 survivors (6144K)
 Metaspace       used 54022K, capacity 55531K, committed 55632K, reserved 565248K
  class space    used 6968K, capacity 7611K, committed 7680K, reserved 516096K
}
Event: 13.491 GC heap before
{Heap before GC invocations=12 (full 0):
 garbage-first heap   total 129024K, used 91114K [0x0000000080000000, 0x0000000100000000)
  region size 1024K, 57 young (58368K), 6 survivors (6144K)
 Metaspace       used 58496K, capacity 60205K, committed 60296K, reserved 569344K
  class space    used 7627K, capacity 8299K, committed 8320K, reserved 516096K
}
Event: 13.498 GC heap after
{Heap after GC invocations=13 (full 0):
 garbage-first heap   total 129024K, used 42022K [0x0000000080000000, 0x0000000100000000)
  region size 1024K, 7 young (7168K), 7 survivors (7168K)
 Metaspace       used 58496K, capacity 60205K, committed 60296K, reserved 569344K
  class space    used 7627K, capacity 8299K, committed 8320K, reserved 516096K
}
Event: 13.782 GC heap before
{Heap before GC invocations=14 (full 0):
 garbage-first heap   total 129024K, used 97318K [0x0000000080000000, 0x0000000100000000)
  region size 1024K, 62 young (63488K), 7 survivors (7168K)
 Metaspace       used 62052K, capacity 63704K, committed 63828K, reserved 571392K
  class space    used 8080K, capacity 8756K, committed 8832K, reserved 516096K
}
Event: 13.786 GC heap after
{Heap after GC invocations=15 (full 0):
 garbage-first heap   total 129024K, used 43232K [0x0000000080000000, 0x0000000100000000)
  region size 1024K, 4 young (4096K), 4 survivors (4096K)
 Metaspace       used 62052K, capacity 63704K, committed 63828K, reserved 571392K
  class space    used 8080K, capacity 8756K, committed 8832K, reserved 516096K
}
Event: 14.549 GC heap before
{Heap before GC invocations=15 (full 0):
 garbage-first heap   total 129024K, used 100576K [0x0000000080000000, 0x0000000100000000)
  region size 1024K, 60 young (61440K), 4 survivors (4096K)
 Metaspace       used 65702K, capacity 67688K, committed 67796K, reserved 575488K
  class space    used 8614K, capacity 9433K, committed 9472K, reserved 516096K
}
Event: 14.555 GC heap after
{Heap after GC invocations=16 (full 0):
 garbage-first heap   total 129024K, used 45861K [0x0000000080000000, 0x0000000100000000)
  region size 1024K, 6 young (6144K), 6 survivors (6144K)
 Metaspace       used 65702K, capacity 67688K, committed 67796K, reserved 575488K
  class space    used 8614K, capacity 9433K, committed 9472K, reserved 516096K
}

