# JRE version: OpenJDK Runtime Environment Temurin-11.0.19+7 (11.0.19+7) (build 11.0.19+7)
# Java VM: OpenJDK 64-Bit Server VM Temurin-11.0.19+7 (11.0.19+7, mixed mode, tiered, compressed oops, g1 gc, windows-amd64)
Heap:
 garbage-first heap   total 129024K, used 56530K [0x0000000080000000, 0x0000000100000000)
  region size 1024K, 20 young (20480K), 6 survivors (6144K)
 Metaspace       used 59284K, capacity 60940K, committed 61140K, reserved 569344K
  class space    used 7744K, capacity 8418K, committed 8448K, reserved 516096K
GC Heap History (20 events):
Event: 4.361 GC heap before
{Heap before GC invocations=2 (full 0):
 garbage-first heap   total 129024K, used 35997K [0x0000000080000000, 0x0000000100000000)
  region size 1024K, 30 young (30720K), 10 survivors (10240K)
 Metaspace       used 20691K, capacity 21157K, committed 21296K, reserved 536576K
  class space    used 2475K, capacity 2658K, committed 2688K, reserved 516096K
}
Event: 4.368 GC heap after
{Heap after GC invocations=3 (full 0):
 garbage-first heap   total 129024K, used 17727K [0x0000000080000000, 0x0000000100000000)
  region size 1024K, 2 young (2048K), 2 survivors (2048K)
 Metaspace       used 20691K, capacity 21157K, committed 21296K, reserved 536576K
  class space    used 2475K, capacity 2658K, committed 2688K, reserved 516096K
}
Event: 5.157 GC heap before
{Heap before GC invocations=4 (full 0):
 garbage-first heap   total 129024K, used 64831K [0x0000000080000000, 0x0000000100000000)
  region size 1024K, 49 young (50176K), 2 survivors (2048K)
 Metaspace       used 25544K, capacity 26103K, committed 26288K, reserved 540672K
  class space    used 3261K, capacity 3482K, committed 3584K, reserved 516096K
}
Event: 5.160 GC heap after
{Heap after GC invocations=5 (full 0):
 garbage-first heap   total 129024K, used 19168K [0x0000000080000000, 0x0000000100000000)
  region size 1024K, 3 young (3072K), 3 survivors (3072K)
 Metaspace       used 25544K, capacity 26103K, committed 26288K, reserved 540672K
  class space    used 3261K, capacity 3482K, committed 3584K, reserved 516096K
}
Event: 6.032 GC heap before
{Heap before GC invocations=5 (full 0):
 garbage-first heap   total 129024K, used 74464K [0x0000000080000000, 0x0000000100000000)
  region size 1024K, 57 young (58368K), 3 survivors (3072K)
 Metaspace       used 30393K, capacity 31065K, committed 31152K, reserved 544768K
  class space    used 4022K, capacity 4291K, committed 4352K, reserved 516096K
}
Event: 6.034 GC heap after
{Heap after GC invocations=6 (full 0):
 garbage-first heap   total 129024K, used 20706K [0x0000000080000000, 0x0000000100000000)
  region size 1024K, 4 young (4096K), 4 survivors (4096K)
 Metaspace       used 30393K, capacity 31065K, committed 31152K, reserved 544768K
  class space    used 4022K, capacity 4291K, committed 4352K, reserved 516096K
}
Event: 6.385 GC heap before
{Heap before GC invocations=6 (full 0):
 garbage-first heap   total 129024K, used 37090K [0x0000000080000000, 0x0000000100000000)
  region size 1024K, 21 young (21504K), 4 survivors (4096K)
 Metaspace       used 35026K, capacity 35787K, committed 35920K, reserved 548864K
  class space    used 4475K, capacity 4822K, committed 4864K, reserved 516096K
}
Event: 6.395 GC heap after
{Heap after GC invocations=7 (full 0):
 garbage-first heap   total 129024K, used 22603K [0x0000000080000000, 0x0000000100000000)
  region size 1024K, 6 young (6144K), 6 survivors (6144K)
 Metaspace       used 35026K, capacity 35787K, committed 35920K, reserved 548864K
  class space    used 4475K, capacity 4822K, committed 4864K, reserved 516096K
}
Event: 7.117 GC heap before
{Heap before GC invocations=8 (full 0):
 garbage-first heap   total 129024K, used 73803K [0x0000000080000000, 0x0000000100000000)
  region size 1024K, 54 young (55296K), 6 survivors (6144K)
 Metaspace       used 39903K, capacity 40859K, committed 41168K, reserved 552960K
  class space    used 5015K, capacity 5401K, committed 5504K, reserved 516096K
}
Event: 7.126 GC heap after
{Heap after GC invocations=9 (full 0):
 garbage-first heap   total 129024K, used 27096K [0x0000000080000000, 0x0000000100000000)
  region size 1024K, 7 young (7168K), 7 survivors (7168K)
 Metaspace       used 39903K, capacity 40859K, committed 41168K, reserved 552960K
  class space    used 5015K, capacity 5401K, committed 5504K, reserved 516096K
}
Event: 11.046 GC heap before
{Heap before GC invocations=9 (full 0):
 garbage-first heap   total 129024K, used 77272K [0x0000000080000000, 0x0000000100000000)
  region size 1024K, 56 young (57344K), 7 survivors (7168K)
 Metaspace       used 42021K, capacity 43132K, committed 43344K, reserved 555008K
  class space    used 5320K, capacity 5785K, committed 5888K, reserved 516096K
}
Event: 11.053 GC heap after
{Heap after GC invocations=10 (full 0):
 garbage-first heap   total 129024K, used 30313K [0x0000000080000000, 0x0000000100000000)
  region size 1024K, 7 young (7168K), 7 survivors (7168K)
 Metaspace       used 42021K, capacity 43132K, committed 43344K, reserved 555008K
  class space    used 5320K, capacity 5785K, committed 5888K, reserved 516096K
}
Event: 11.677 GC heap before
{Heap before GC invocations=10 (full 0):
 garbage-first heap   total 129024K, used 81513K [0x0000000080000000, 0x0000000100000000)
  region size 1024K, 57 young (58368K), 7 survivors (7168K)
 Metaspace       used 46417K, capacity 47691K, committed 47824K, reserved 559104K
  class space    used 5926K, capacity 6409K, committed 6528K, reserved 516096K
}
Event: 11.684 GC heap after
{Heap after GC invocations=11 (full 0):
 garbage-first heap   total 129024K, used 32171K [0x0000000080000000, 0x0000000100000000)
  region size 1024K, 6 young (6144K), 6 survivors (6144K)
 Metaspace       used 46417K, capacity 47691K, committed 47824K, reserved 559104K
  class space    used 5926K, capacity 6409K, committed 6528K, reserved 516096K
}
Event: 12.330 GC heap before
{Heap before GC invocations=11 (full 0):
 garbage-first heap   total 129024K, used 85419K [0x0000000080000000, 0x0000000100000000)
  region size 1024K, 58 young (59392K), 6 survivors (6144K)
 Metaspace       used 50203K, capacity 51595K, committed 51664K, reserved 561152K
  class space    used 6461K, capacity 7006K, committed 7040K, reserved 516096K
}
Event: 12.335 GC heap after
{Heap after GC invocations=12 (full 0):
 garbage-first heap   total 129024K, used 33538K [0x0000000080000000, 0x0000000100000000)
  region size 1024K, 4 young (4096K), 4 survivors (4096K)
 Metaspace       used 50203K, capacity 51595K, committed 51664K, reserved 561152K
  class space    used 6461K, capacity 7006K, committed 7040K, reserved 516096K
}
Event: 12.992 GC heap before
{Heap before GC invocations=12 (full 0):
 garbage-first heap   total 129024K, used 91906K [0x0000000080000000, 0x0000000100000000)
  region size 1024K, 58 young (59392K), 4 survivors (4096K)
 Metaspace       used 55600K, capacity 57151K, committed 57424K, reserved 567296K
  class space    used 7227K, capacity 7880K, committed 7936K, reserved 516096K
}
Event: 12.997 GC heap after
{Heap after GC invocations=13 (full 0):
 garbage-first heap   total 129024K, used 41203K [0x0000000080000000, 0x0000000100000000)
  region size 1024K, 7 young (7168K), 7 survivors (7168K)
 Metaspace       used 55600K, capacity 57151K, committed 57424K, reserved 567296K
  class space    used 7227K, capacity 7880K, committed 7936K, reserved 516096K
}
Event: 13.437 GC heap before
{Heap before GC invocations=13 (full 0):
 garbage-first heap   total 129024K, used 74995K [0x0000000080000000, 0x0000000100000000)
  region size 1024K, 41 young (41984K), 7 survivors (7168K)
 Metaspace       used 58493K, capacity 60108K, committed 60296K, reserved 569344K
  class space    used 7626K, capacity 8290K, committed 8320K, reserved 516096K
}
Event: 13.446 GC heap after
{Heap after GC invocations=14 (full 0):
 garbage-first heap   total 129024K, used 43218K [0x0000000080000000, 0x0000000100000000)
  region size 1024K, 6 young (6144K), 6 survivors (6144K)
 Metaspace       used 58493K, capacity 60108K, committed 60296K, reserved 569344K
  class space    used 7626K, capacity 8290K, committed 8320K, reserved 516096K
}

